0 info it worked if it ends with ok
1 verbose cli [ '/opt/node-js/bin/node', '/usr/local/bin/npm', 'install' ]
2 info using npm@3.5.3
3 info using node@v5.5.0
4 silly loadCurrentTree Starting
5 silly install loadCurrentTree
6 silly install readLocalPackageData
7 silly install normalizeTree
8 silly loadCurrentTree Finishing
9 silly loadIdealTree Starting
10 silly install loadIdealTree
11 silly cloneCurrentTree Starting
12 silly install cloneCurrentTreeToIdealTree
13 silly cloneCurrentTree Finishing
14 silly loadShrinkwrap Starting
15 silly install loadShrinkwrap
16 silly loadShrinkwrap Finishing
17 silly loadAllDepsIntoIdealTree Starting
18 silly install loadAllDepsIntoIdealTree
19 silly loadAllDepsIntoIdealTree Finishing
20 silly idealTree:prePrune gs-utils@0.0.1
20 silly idealTree:prePrune ├── abbrev@1.0.7
20 silly idealTree:prePrune ├── align-text@0.1.4
20 silly idealTree:prePrune ├── amdefine@1.0.0
20 silly idealTree:prePrune ├── ansi-regex@2.0.0
20 silly idealTree:prePrune ├── ansi-styles@2.1.0
20 silly idealTree:prePrune ├── argparse@1.0.5
20 silly idealTree:prePrune ├── array-differ@1.0.0
20 silly idealTree:prePrune ├── array-find-index@1.0.1
20 silly idealTree:prePrune ├── array-uniq@1.0.2
20 silly idealTree:prePrune ├── async@1.5.2
20 silly idealTree:prePrune ├── balanced-match@0.3.0
20 silly idealTree:prePrune ├── beeper@1.1.0
20 silly idealTree:prePrune ├── bluebird@3.2.1
20 silly idealTree:prePrune ├── brace-expansion@1.1.2
20 silly idealTree:prePrune ├── buffer-equal@0.0.2
20 silly idealTree:prePrune ├── builtin-modules@1.1.1
20 silly idealTree:prePrune ├── bunker@0.1.2
20 silly idealTree:prePrune ├─┬ burrito@0.2.12
20 silly idealTree:prePrune │ ├── traverse@0.5.2
20 silly idealTree:prePrune │ └── uglify-js@1.1.1
20 silly idealTree:prePrune ├─┬ camelcase-keys@2.0.0
20 silly idealTree:prePrune │ └── camelcase@2.1.0
20 silly idealTree:prePrune ├── camelcase@1.2.1
20 silly idealTree:prePrune ├── center-align@0.1.3
20 silly idealTree:prePrune ├─┬ chalk@1.1.1
20 silly idealTree:prePrune │ └── supports-color@2.0.0
20 silly idealTree:prePrune ├── charm@0.1.2
20 silly idealTree:prePrune ├─┬ cliui@2.1.0
20 silly idealTree:prePrune │ └── wordwrap@0.0.2
20 silly idealTree:prePrune ├── clone-stats@0.0.1
20 silly idealTree:prePrune ├── clone@1.0.2
20 silly idealTree:prePrune ├── commander@2.9.0
20 silly idealTree:prePrune ├── commandpost@1.0.0
20 silly idealTree:prePrune ├── concat-map@0.0.1
20 silly idealTree:prePrune ├── core-util-is@1.0.2
20 silly idealTree:prePrune ├── dateformat@1.0.12
20 silly idealTree:prePrune ├── decamelize@1.1.2
20 silly idealTree:prePrune ├── deep-equal@1.0.1
20 silly idealTree:prePrune ├── deep-is@0.1.3
20 silly idealTree:prePrune ├── difflet@0.2.6
20 silly idealTree:prePrune ├── duplexer2@0.0.2
20 silly idealTree:prePrune ├── editorconfig@0.13.2
20 silly idealTree:prePrune ├── error-ex@1.3.0
20 silly idealTree:prePrune ├── es6-promise@3.0.2
20 silly idealTree:prePrune ├── escape-string-regexp@1.0.4
20 silly idealTree:prePrune ├─┬ escodegen@1.7.1
20 silly idealTree:prePrune │ ├── esprima@1.2.5
20 silly idealTree:prePrune │ └── source-map@0.2.0
20 silly idealTree:prePrune ├── esprima@2.7.2
20 silly idealTree:prePrune ├── estraverse@1.9.3
20 silly idealTree:prePrune ├── esutils@2.0.2
20 silly idealTree:prePrune ├── fancy-log@1.1.0
20 silly idealTree:prePrune ├── fast-levenshtein@1.0.7
20 silly idealTree:prePrune ├── fileset@0.2.1
20 silly idealTree:prePrune ├── fill-keys@1.0.2
20 silly idealTree:prePrune ├── find-up@1.1.0
20 silly idealTree:prePrune ├─┬ findup-sync@0.2.1
20 silly idealTree:prePrune │ └── glob@4.3.5
20 silly idealTree:prePrune ├── formatio@1.1.1
20 silly idealTree:prePrune ├── get-stdin@4.0.1
20 silly idealTree:prePrune ├─┬ glob-expand@0.1.0
20 silly idealTree:prePrune │ └── glob@4.4.2
20 silly idealTree:prePrune ├── glob@5.0.15
20 silly idealTree:prePrune ├── glogg@1.0.0
20 silly idealTree:prePrune ├── graceful-fs@4.1.3
20 silly idealTree:prePrune ├── graceful-readlink@1.0.1
20 silly idealTree:prePrune ├─┬ gulp-util@3.0.7
20 silly idealTree:prePrune │ └── minimist@1.2.0
20 silly idealTree:prePrune ├── gulplog@1.0.0
20 silly idealTree:prePrune ├─┬ handlebars@4.0.5
20 silly idealTree:prePrune │ └── source-map@0.4.4
20 silly idealTree:prePrune ├── has-ansi@2.0.0
20 silly idealTree:prePrune ├── has-flag@1.0.0
20 silly idealTree:prePrune ├── has-gulplog@0.1.0
20 silly idealTree:prePrune ├── hosted-git-info@2.1.4
20 silly idealTree:prePrune ├── indent-string@2.1.0
20 silly idealTree:prePrune ├── inflight@1.0.4
20 silly idealTree:prePrune ├── inherits@2.0.1
20 silly idealTree:prePrune ├── is-absolute@0.1.7
20 silly idealTree:prePrune ├── is-arrayish@0.2.1
20 silly idealTree:prePrune ├── is-buffer@1.1.2
20 silly idealTree:prePrune ├── is-builtin-module@1.0.0
20 silly idealTree:prePrune ├── is-finite@1.0.1
20 silly idealTree:prePrune ├── is-object@1.0.1
20 silly idealTree:prePrune ├── is-relative@0.1.3
20 silly idealTree:prePrune ├── is-utf8@0.2.1
20 silly idealTree:prePrune ├── isarray@0.0.1
20 silly idealTree:prePrune ├── isexe@1.1.1
20 silly idealTree:prePrune ├── istanbul@0.4.2
20 silly idealTree:prePrune ├── js-yaml@3.5.2
20 silly idealTree:prePrune ├── kind-of@3.0.2
20 silly idealTree:prePrune ├── lazy-cache@1.0.3
20 silly idealTree:prePrune ├── levn@0.2.5
20 silly idealTree:prePrune ├── load-json-file@1.1.0
20 silly idealTree:prePrune ├── lodash._basecopy@3.0.1
20 silly idealTree:prePrune ├── lodash._basetostring@3.0.1
20 silly idealTree:prePrune ├── lodash._basevalues@3.0.0
20 silly idealTree:prePrune ├── lodash._getnative@3.9.1
20 silly idealTree:prePrune ├── lodash._isiterateecall@3.0.9
20 silly idealTree:prePrune ├── lodash._reescape@3.0.0
20 silly idealTree:prePrune ├── lodash._reevaluate@3.0.0
20 silly idealTree:prePrune ├── lodash._reinterpolate@3.0.0
20 silly idealTree:prePrune ├── lodash.escape@3.1.2
20 silly idealTree:prePrune ├── lodash.isarguments@3.0.6
20 silly idealTree:prePrune ├── lodash.isarray@3.0.4
20 silly idealTree:prePrune ├── lodash.keys@3.1.2
20 silly idealTree:prePrune ├── lodash.restparam@3.6.1
20 silly idealTree:prePrune ├── lodash.template@3.6.2
20 silly idealTree:prePrune ├── lodash.templatesettings@3.1.1
20 silly idealTree:prePrune ├── lodash@1.2.1
20 silly idealTree:prePrune ├── lolex@1.3.2
20 silly idealTree:prePrune ├── longest@1.0.1
20 silly idealTree:prePrune ├── loud-rejection@1.2.1
20 silly idealTree:prePrune ├── lru-cache@3.2.0
20 silly idealTree:prePrune ├── map-obj@1.0.1
20 silly idealTree:prePrune ├─┬ meow@3.7.0
20 silly idealTree:prePrune │ ├── minimist@1.2.0
20 silly idealTree:prePrune │ └── object-assign@4.0.1
20 silly idealTree:prePrune ├── merge-descriptors@1.0.1
20 silly idealTree:prePrune ├── minimatch@2.0.10
20 silly idealTree:prePrune ├── minimist@0.0.10
20 silly idealTree:prePrune ├─┬ mkdirp@0.5.1
20 silly idealTree:prePrune │ └── minimist@0.0.8
20 silly idealTree:prePrune ├── module-not-found-error@1.0.1
20 silly idealTree:prePrune ├── multipipe@0.1.2
20 silly idealTree:prePrune ├── nodeunit@0.9.1
20 silly idealTree:prePrune ├── nopt@3.0.6
20 silly idealTree:prePrune ├── normalize-package-data@2.3.5
20 silly idealTree:prePrune ├── number-is-nan@1.0.0
20 silly idealTree:prePrune ├── object-assign@3.0.0
20 silly idealTree:prePrune ├── once@1.3.3
20 silly idealTree:prePrune ├─┬ optimist@0.6.1
20 silly idealTree:prePrune │ └── wordwrap@0.0.3
20 silly idealTree:prePrune ├─┬ optionator@0.5.0
20 silly idealTree:prePrune │ └── wordwrap@0.0.3
20 silly idealTree:prePrune ├── os-tmpdir@1.0.1
20 silly idealTree:prePrune ├── parse-json@2.2.0
20 silly idealTree:prePrune ├── path-exists@2.1.0
20 silly idealTree:prePrune ├── path-is-absolute@1.0.0
20 silly idealTree:prePrune ├── path-type@1.1.0
20 silly idealTree:prePrune ├── pify@2.3.0
20 silly idealTree:prePrune ├── pinkie-promise@2.0.0
20 silly idealTree:prePrune ├── pinkie@2.0.4
20 silly idealTree:prePrune ├── prelude-ls@1.1.2
20 silly idealTree:prePrune ├── process-nextick-args@1.0.6
20 silly idealTree:prePrune ├── proxyquire@1.7.3
20 silly idealTree:prePrune ├── pseudomap@1.0.2
20 silly idealTree:prePrune ├── read-pkg-up@1.0.1
20 silly idealTree:prePrune ├── read-pkg@1.1.0
20 silly idealTree:prePrune ├── readable-stream@1.1.13
20 silly idealTree:prePrune ├── redent@1.0.0
20 silly idealTree:prePrune ├─┬ remap-istanbul@0.5.1
20 silly idealTree:prePrune │ ├── istanbul@0.4.1
20 silly idealTree:prePrune │ └── source-map@0.5.3
20 silly idealTree:prePrune ├── repeat-string@1.5.2
20 silly idealTree:prePrune ├── repeating@2.0.0
20 silly idealTree:prePrune ├── replace-ext@0.0.1
20 silly idealTree:prePrune ├── resolve@1.1.7
20 silly idealTree:prePrune ├── right-align@0.1.3
20 silly idealTree:prePrune ├── rimraf@2.2.8
20 silly idealTree:prePrune ├── runforcover@0.0.2
20 silly idealTree:prePrune ├── samsam@1.1.2
20 silly idealTree:prePrune ├── semver@5.1.0
20 silly idealTree:prePrune ├── sigmund@1.0.1
20 silly idealTree:prePrune ├── signal-exit@2.1.2
20 silly idealTree:prePrune ├── sinon@1.17.2
20 silly idealTree:prePrune ├── slide@1.1.6
20 silly idealTree:prePrune ├── source-map-support@0.4.0
20 silly idealTree:prePrune ├── source-map@0.1.32
20 silly idealTree:prePrune ├── sparkles@1.0.0
20 silly idealTree:prePrune ├── spdx-correct@1.0.2
20 silly idealTree:prePrune ├── spdx-exceptions@1.0.4
20 silly idealTree:prePrune ├── spdx-expression-parse@1.0.2
20 silly idealTree:prePrune ├── spdx-license-ids@1.2.0
20 silly idealTree:prePrune ├── sprintf-js@1.0.3
20 silly idealTree:prePrune ├── string_decoder@0.10.31
20 silly idealTree:prePrune ├── strip-ansi@3.0.0
20 silly idealTree:prePrune ├── strip-bom@2.0.0
20 silly idealTree:prePrune ├── strip-indent@1.0.1
20 silly idealTree:prePrune ├── supports-color@3.1.2
20 silly idealTree:prePrune ├─┬ tap@0.7.1
20 silly idealTree:prePrune │ └── glob@4.5.3
20 silly idealTree:prePrune ├── temp@0.8.3
20 silly idealTree:prePrune ├─┬ through2@2.0.0
20 silly idealTree:prePrune │ └── readable-stream@2.0.5
20 silly idealTree:prePrune ├── traverse@0.6.6
20 silly idealTree:prePrune ├── trim-newlines@1.0.0
20 silly idealTree:prePrune ├── tslint@3.1.1
20 silly idealTree:prePrune ├── type-check@0.3.2
20 silly idealTree:prePrune ├── typescript-formatter@1.2.0
20 silly idealTree:prePrune ├── typescript@1.7.3
20 silly idealTree:prePrune ├─┬ uglify-js@2.6.1
20 silly idealTree:prePrune │ ├── async@0.2.10
20 silly idealTree:prePrune │ └── source-map@0.5.3
20 silly idealTree:prePrune ├── uglify-to-browserify@1.0.2
20 silly idealTree:prePrune ├── underscore.string@3.1.1
20 silly idealTree:prePrune ├── util-deprecate@1.0.2
20 silly idealTree:prePrune ├── util@0.10.3
20 silly idealTree:prePrune ├── validate-npm-package-license@3.0.1
20 silly idealTree:prePrune ├── vinyl@0.5.3
20 silly idealTree:prePrune ├── which@1.2.4
20 silly idealTree:prePrune ├── window-size@0.1.0
20 silly idealTree:prePrune ├── wordwrap@1.0.0
20 silly idealTree:prePrune ├── wrappy@1.0.1
20 silly idealTree:prePrune ├── xtend@4.0.1
20 silly idealTree:prePrune ├── yamlish@0.0.7
20 silly idealTree:prePrune └── yargs@3.10.0
21 silly loadIdealTree Finishing
22 silly currentTree gs-utils@0.0.1
22 silly currentTree ├── abbrev@1.0.7
22 silly currentTree ├── align-text@0.1.4
22 silly currentTree ├── amdefine@1.0.0
22 silly currentTree ├── ansi-regex@2.0.0
22 silly currentTree ├── ansi-styles@2.1.0
22 silly currentTree ├── argparse@1.0.5
22 silly currentTree ├── array-differ@1.0.0
22 silly currentTree ├── array-find-index@1.0.1
22 silly currentTree ├── array-uniq@1.0.2
22 silly currentTree ├── async@1.5.2
22 silly currentTree ├── balanced-match@0.3.0
22 silly currentTree ├── beeper@1.1.0
22 silly currentTree ├── bluebird@3.2.1
22 silly currentTree ├── brace-expansion@1.1.2
22 silly currentTree ├── buffer-equal@0.0.2
22 silly currentTree ├── builtin-modules@1.1.1
22 silly currentTree ├── bunker@0.1.2
22 silly currentTree ├─┬ burrito@0.2.12
22 silly currentTree │ ├── traverse@0.5.2
22 silly currentTree │ └── uglify-js@1.1.1
22 silly currentTree ├─┬ camelcase-keys@2.0.0
22 silly currentTree │ └── camelcase@2.1.0
22 silly currentTree ├── camelcase@1.2.1
22 silly currentTree ├── center-align@0.1.3
22 silly currentTree ├─┬ chalk@1.1.1
22 silly currentTree │ └── supports-color@2.0.0
22 silly currentTree ├── charm@0.1.2
22 silly currentTree ├─┬ cliui@2.1.0
22 silly currentTree │ └── wordwrap@0.0.2
22 silly currentTree ├── clone-stats@0.0.1
22 silly currentTree ├── clone@1.0.2
22 silly currentTree ├── commander@2.9.0
22 silly currentTree ├── commandpost@1.0.0
22 silly currentTree ├── concat-map@0.0.1
22 silly currentTree ├── core-util-is@1.0.2
22 silly currentTree ├── dateformat@1.0.12
22 silly currentTree ├── decamelize@1.1.2
22 silly currentTree ├── deep-equal@1.0.1
22 silly currentTree ├── deep-is@0.1.3
22 silly currentTree ├── difflet@0.2.6
22 silly currentTree ├── duplexer2@0.0.2
22 silly currentTree ├── editorconfig@0.13.2
22 silly currentTree ├── error-ex@1.3.0
22 silly currentTree ├── es6-promise@3.0.2
22 silly currentTree ├── escape-string-regexp@1.0.4
22 silly currentTree ├─┬ escodegen@1.7.1
22 silly currentTree │ ├── esprima@1.2.5
22 silly currentTree │ └── source-map@0.2.0
22 silly currentTree ├── esprima@2.7.2
22 silly currentTree ├── estraverse@1.9.3
22 silly currentTree ├── esutils@2.0.2
22 silly currentTree ├── fancy-log@1.1.0
22 silly currentTree ├── fast-levenshtein@1.0.7
22 silly currentTree ├── fileset@0.2.1
22 silly currentTree ├── fill-keys@1.0.2
22 silly currentTree ├── find-up@1.1.0
22 silly currentTree ├─┬ findup-sync@0.2.1
22 silly currentTree │ └── glob@4.3.5
22 silly currentTree ├── formatio@1.1.1
22 silly currentTree ├── get-stdin@4.0.1
22 silly currentTree ├─┬ glob-expand@0.1.0
22 silly currentTree │ └── glob@4.4.2
22 silly currentTree ├── glob@5.0.15
22 silly currentTree ├── glogg@1.0.0
22 silly currentTree ├── graceful-fs@4.1.3
22 silly currentTree ├── graceful-readlink@1.0.1
22 silly currentTree ├─┬ gulp-util@3.0.7
22 silly currentTree │ └── minimist@1.2.0
22 silly currentTree ├── gulplog@1.0.0
22 silly currentTree ├─┬ handlebars@4.0.5
22 silly currentTree │ └── source-map@0.4.4
22 silly currentTree ├── has-ansi@2.0.0
22 silly currentTree ├── has-flag@1.0.0
22 silly currentTree ├── has-gulplog@0.1.0
22 silly currentTree ├── hosted-git-info@2.1.4
22 silly currentTree ├── indent-string@2.1.0
22 silly currentTree ├── inflight@1.0.4
22 silly currentTree ├── inherits@2.0.1
22 silly currentTree ├── is-absolute@0.1.7
22 silly currentTree ├── is-arrayish@0.2.1
22 silly currentTree ├── is-buffer@1.1.2
22 silly currentTree ├── is-builtin-module@1.0.0
22 silly currentTree ├── is-finite@1.0.1
22 silly currentTree ├── is-object@1.0.1
22 silly currentTree ├── is-relative@0.1.3
22 silly currentTree ├── is-utf8@0.2.1
22 silly currentTree ├── isarray@0.0.1
22 silly currentTree ├── isexe@1.1.1
22 silly currentTree ├── istanbul@0.4.2
22 silly currentTree ├── js-yaml@3.5.2
22 silly currentTree ├── kind-of@3.0.2
22 silly currentTree ├── lazy-cache@1.0.3
22 silly currentTree ├── levn@0.2.5
22 silly currentTree ├── load-json-file@1.1.0
22 silly currentTree ├── lodash._basecopy@3.0.1
22 silly currentTree ├── lodash._basetostring@3.0.1
22 silly currentTree ├── lodash._basevalues@3.0.0
22 silly currentTree ├── lodash._getnative@3.9.1
22 silly currentTree ├── lodash._isiterateecall@3.0.9
22 silly currentTree ├── lodash._reescape@3.0.0
22 silly currentTree ├── lodash._reevaluate@3.0.0
22 silly currentTree ├── lodash._reinterpolate@3.0.0
22 silly currentTree ├── lodash.escape@3.1.2
22 silly currentTree ├── lodash.isarguments@3.0.6
22 silly currentTree ├── lodash.isarray@3.0.4
22 silly currentTree ├── lodash.keys@3.1.2
22 silly currentTree ├── lodash.restparam@3.6.1
22 silly currentTree ├── lodash.template@3.6.2
22 silly currentTree ├── lodash.templatesettings@3.1.1
22 silly currentTree ├── lodash@1.2.1
22 silly currentTree ├── lolex@1.3.2
22 silly currentTree ├── longest@1.0.1
22 silly currentTree ├── loud-rejection@1.2.1
22 silly currentTree ├── lru-cache@3.2.0
22 silly currentTree ├── map-obj@1.0.1
22 silly currentTree ├─┬ meow@3.7.0
22 silly currentTree │ ├── minimist@1.2.0
22 silly currentTree │ └── object-assign@4.0.1
22 silly currentTree ├── merge-descriptors@1.0.1
22 silly currentTree ├── minimatch@2.0.10
22 silly currentTree ├── minimist@0.0.10
22 silly currentTree ├─┬ mkdirp@0.5.1
22 silly currentTree │ └── minimist@0.0.8
22 silly currentTree ├── module-not-found-error@1.0.1
22 silly currentTree ├── multipipe@0.1.2
22 silly currentTree ├── nodeunit@0.9.1
22 silly currentTree ├── nopt@3.0.6
22 silly currentTree ├── normalize-package-data@2.3.5
22 silly currentTree ├── number-is-nan@1.0.0
22 silly currentTree ├── object-assign@3.0.0
22 silly currentTree ├── once@1.3.3
22 silly currentTree ├─┬ optimist@0.6.1
22 silly currentTree │ └── wordwrap@0.0.3
22 silly currentTree ├─┬ optionator@0.5.0
22 silly currentTree │ └── wordwrap@0.0.3
22 silly currentTree ├── os-tmpdir@1.0.1
22 silly currentTree ├── parse-json@2.2.0
22 silly currentTree ├── path-exists@2.1.0
22 silly currentTree ├── path-is-absolute@1.0.0
22 silly currentTree ├── path-type@1.1.0
22 silly currentTree ├── pify@2.3.0
22 silly currentTree ├── pinkie-promise@2.0.0
22 silly currentTree ├── pinkie@2.0.4
22 silly currentTree ├── prelude-ls@1.1.2
22 silly currentTree ├── process-nextick-args@1.0.6
22 silly currentTree ├── proxyquire@1.7.3
22 silly currentTree ├── pseudomap@1.0.2
22 silly currentTree ├── read-pkg-up@1.0.1
22 silly currentTree ├── read-pkg@1.1.0
22 silly currentTree ├── readable-stream@1.1.13
22 silly currentTree ├── redent@1.0.0
22 silly currentTree ├─┬ remap-istanbul@0.5.1
22 silly currentTree │ ├── istanbul@0.4.1
22 silly currentTree │ └── source-map@0.5.3
22 silly currentTree ├── repeat-string@1.5.2
22 silly currentTree ├── repeating@2.0.0
22 silly currentTree ├── replace-ext@0.0.1
22 silly currentTree ├── resolve@1.1.7
22 silly currentTree ├── right-align@0.1.3
22 silly currentTree ├── rimraf@2.2.8
22 silly currentTree ├── runforcover@0.0.2
22 silly currentTree ├── samsam@1.1.2
22 silly currentTree ├── semver@5.1.0
22 silly currentTree ├── sigmund@1.0.1
22 silly currentTree ├── signal-exit@2.1.2
22 silly currentTree ├── sinon@1.17.2
22 silly currentTree ├── slide@1.1.6
22 silly currentTree ├── source-map-support@0.4.0
22 silly currentTree ├── source-map@0.1.32
22 silly currentTree ├── sparkles@1.0.0
22 silly currentTree ├── spdx-correct@1.0.2
22 silly currentTree ├── spdx-exceptions@1.0.4
22 silly currentTree ├── spdx-expression-parse@1.0.2
22 silly currentTree ├── spdx-license-ids@1.2.0
22 silly currentTree ├── sprintf-js@1.0.3
22 silly currentTree ├── string_decoder@0.10.31
22 silly currentTree ├── strip-ansi@3.0.0
22 silly currentTree ├── strip-bom@2.0.0
22 silly currentTree ├── strip-indent@1.0.1
22 silly currentTree ├── supports-color@3.1.2
22 silly currentTree ├─┬ tap@0.7.1
22 silly currentTree │ └── glob@4.5.3
22 silly currentTree ├── temp@0.8.3
22 silly currentTree ├─┬ through2@2.0.0
22 silly currentTree │ └── readable-stream@2.0.5
22 silly currentTree ├── traverse@0.6.6
22 silly currentTree ├── trim-newlines@1.0.0
22 silly currentTree ├── tslint@3.1.1
22 silly currentTree ├── type-check@0.3.2
22 silly currentTree ├── typescript-formatter@1.2.0
22 silly currentTree ├── typescript@1.7.3
22 silly currentTree ├─┬ uglify-js@2.6.1
22 silly currentTree │ ├── async@0.2.10
22 silly currentTree │ └── source-map@0.5.3
22 silly currentTree ├── uglify-to-browserify@1.0.2
22 silly currentTree ├── underscore.string@3.1.1
22 silly currentTree ├── util-deprecate@1.0.2
22 silly currentTree ├── util@0.10.3
22 silly currentTree ├── validate-npm-package-license@3.0.1
22 silly currentTree ├── vinyl@0.5.3
22 silly currentTree ├── which@1.2.4
22 silly currentTree ├── window-size@0.1.0
22 silly currentTree ├── wordwrap@1.0.0
22 silly currentTree ├── wrappy@1.0.1
22 silly currentTree ├── xtend@4.0.1
22 silly currentTree ├── yamlish@0.0.7
22 silly currentTree └── yargs@3.10.0
23 silly idealTree gs-utils@0.0.1
23 silly idealTree ├── abbrev@1.0.7
23 silly idealTree ├── align-text@0.1.4
23 silly idealTree ├── amdefine@1.0.0
23 silly idealTree ├── ansi-regex@2.0.0
23 silly idealTree ├── ansi-styles@2.1.0
23 silly idealTree ├── argparse@1.0.5
23 silly idealTree ├── array-differ@1.0.0
23 silly idealTree ├── array-find-index@1.0.1
23 silly idealTree ├── array-uniq@1.0.2
23 silly idealTree ├── async@1.5.2
23 silly idealTree ├── balanced-match@0.3.0
23 silly idealTree ├── beeper@1.1.0
23 silly idealTree ├── bluebird@3.2.1
23 silly idealTree ├── brace-expansion@1.1.2
23 silly idealTree ├── buffer-equal@0.0.2
23 silly idealTree ├── builtin-modules@1.1.1
23 silly idealTree ├── bunker@0.1.2
23 silly idealTree ├─┬ burrito@0.2.12
23 silly idealTree │ ├── traverse@0.5.2
23 silly idealTree │ └── uglify-js@1.1.1
23 silly idealTree ├─┬ camelcase-keys@2.0.0
23 silly idealTree │ └── camelcase@2.1.0
23 silly idealTree ├── camelcase@1.2.1
23 silly idealTree ├── center-align@0.1.3
23 silly idealTree ├─┬ chalk@1.1.1
23 silly idealTree │ └── supports-color@2.0.0
23 silly idealTree ├── charm@0.1.2
23 silly idealTree ├─┬ cliui@2.1.0
23 silly idealTree │ └── wordwrap@0.0.2
23 silly idealTree ├── clone-stats@0.0.1
23 silly idealTree ├── clone@1.0.2
23 silly idealTree ├── commander@2.9.0
23 silly idealTree ├── commandpost@1.0.0
23 silly idealTree ├── concat-map@0.0.1
23 silly idealTree ├── core-util-is@1.0.2
23 silly idealTree ├── dateformat@1.0.12
23 silly idealTree ├── decamelize@1.1.2
23 silly idealTree ├── deep-equal@1.0.1
23 silly idealTree ├── deep-is@0.1.3
23 silly idealTree ├── difflet@0.2.6
23 silly idealTree ├── duplexer2@0.0.2
23 silly idealTree ├── editorconfig@0.13.2
23 silly idealTree ├── error-ex@1.3.0
23 silly idealTree ├── es6-promise@3.0.2
23 silly idealTree ├── escape-string-regexp@1.0.4
23 silly idealTree ├─┬ escodegen@1.7.1
23 silly idealTree │ ├── esprima@1.2.5
23 silly idealTree │ └── source-map@0.2.0
23 silly idealTree ├── esprima@2.7.2
23 silly idealTree ├── estraverse@1.9.3
23 silly idealTree ├── esutils@2.0.2
23 silly idealTree ├── fancy-log@1.1.0
23 silly idealTree ├── fast-levenshtein@1.0.7
23 silly idealTree ├── fileset@0.2.1
23 silly idealTree ├── fill-keys@1.0.2
23 silly idealTree ├── find-up@1.1.0
23 silly idealTree ├─┬ findup-sync@0.2.1
23 silly idealTree │ └── glob@4.3.5
23 silly idealTree ├── formatio@1.1.1
23 silly idealTree ├── get-stdin@4.0.1
23 silly idealTree ├─┬ glob-expand@0.1.0
23 silly idealTree │ └── glob@4.4.2
23 silly idealTree ├── glob@5.0.15
23 silly idealTree ├── glogg@1.0.0
23 silly idealTree ├── graceful-fs@4.1.3
23 silly idealTree ├── graceful-readlink@1.0.1
23 silly idealTree ├─┬ gulp-util@3.0.7
23 silly idealTree │ └── minimist@1.2.0
23 silly idealTree ├── gulplog@1.0.0
23 silly idealTree ├─┬ handlebars@4.0.5
23 silly idealTree │ └── source-map@0.4.4
23 silly idealTree ├── has-ansi@2.0.0
23 silly idealTree ├── has-flag@1.0.0
23 silly idealTree ├── has-gulplog@0.1.0
23 silly idealTree ├── hosted-git-info@2.1.4
23 silly idealTree ├── indent-string@2.1.0
23 silly idealTree ├── inflight@1.0.4
23 silly idealTree ├── inherits@2.0.1
23 silly idealTree ├── is-absolute@0.1.7
23 silly idealTree ├── is-arrayish@0.2.1
23 silly idealTree ├── is-buffer@1.1.2
23 silly idealTree ├── is-builtin-module@1.0.0
23 silly idealTree ├── is-finite@1.0.1
23 silly idealTree ├── is-object@1.0.1
23 silly idealTree ├── is-relative@0.1.3
23 silly idealTree ├── is-utf8@0.2.1
23 silly idealTree ├── isarray@0.0.1
23 silly idealTree ├── isexe@1.1.1
23 silly idealTree ├── istanbul@0.4.2
23 silly idealTree ├── js-yaml@3.5.2
23 silly idealTree ├── kind-of@3.0.2
23 silly idealTree ├── lazy-cache@1.0.3
23 silly idealTree ├── levn@0.2.5
23 silly idealTree ├── load-json-file@1.1.0
23 silly idealTree ├── lodash._basecopy@3.0.1
23 silly idealTree ├── lodash._basetostring@3.0.1
23 silly idealTree ├── lodash._basevalues@3.0.0
23 silly idealTree ├── lodash._getnative@3.9.1
23 silly idealTree ├── lodash._isiterateecall@3.0.9
23 silly idealTree ├── lodash._reescape@3.0.0
23 silly idealTree ├── lodash._reevaluate@3.0.0
23 silly idealTree ├── lodash._reinterpolate@3.0.0
23 silly idealTree ├── lodash.escape@3.1.2
23 silly idealTree ├── lodash.isarguments@3.0.6
23 silly idealTree ├── lodash.isarray@3.0.4
23 silly idealTree ├── lodash.keys@3.1.2
23 silly idealTree ├── lodash.restparam@3.6.1
23 silly idealTree ├── lodash.template@3.6.2
23 silly idealTree ├── lodash.templatesettings@3.1.1
23 silly idealTree ├── lodash@1.2.1
23 silly idealTree ├── lolex@1.3.2
23 silly idealTree ├── longest@1.0.1
23 silly idealTree ├── loud-rejection@1.2.1
23 silly idealTree ├── lru-cache@3.2.0
23 silly idealTree ├── map-obj@1.0.1
23 silly idealTree ├─┬ meow@3.7.0
23 silly idealTree │ ├── minimist@1.2.0
23 silly idealTree │ └── object-assign@4.0.1
23 silly idealTree ├── merge-descriptors@1.0.1
23 silly idealTree ├── minimatch@2.0.10
23 silly idealTree ├── minimist@0.0.10
23 silly idealTree ├─┬ mkdirp@0.5.1
23 silly idealTree │ └── minimist@0.0.8
23 silly idealTree ├── module-not-found-error@1.0.1
23 silly idealTree ├── multipipe@0.1.2
23 silly idealTree ├── nodeunit@0.9.1
23 silly idealTree ├── nopt@3.0.6
23 silly idealTree ├── normalize-package-data@2.3.5
23 silly idealTree ├── number-is-nan@1.0.0
23 silly idealTree ├── object-assign@3.0.0
23 silly idealTree ├── once@1.3.3
23 silly idealTree ├─┬ optimist@0.6.1
23 silly idealTree │ └── wordwrap@0.0.3
23 silly idealTree ├─┬ optionator@0.5.0
23 silly idealTree │ └── wordwrap@0.0.3
23 silly idealTree ├── os-tmpdir@1.0.1
23 silly idealTree ├── parse-json@2.2.0
23 silly idealTree ├── path-exists@2.1.0
23 silly idealTree ├── path-is-absolute@1.0.0
23 silly idealTree ├── path-type@1.1.0
23 silly idealTree ├── pify@2.3.0
23 silly idealTree ├── pinkie-promise@2.0.0
23 silly idealTree ├── pinkie@2.0.4
23 silly idealTree ├── prelude-ls@1.1.2
23 silly idealTree ├── process-nextick-args@1.0.6
23 silly idealTree ├── proxyquire@1.7.3
23 silly idealTree ├── pseudomap@1.0.2
23 silly idealTree ├── read-pkg-up@1.0.1
23 silly idealTree ├── read-pkg@1.1.0
23 silly idealTree ├── readable-stream@1.1.13
23 silly idealTree ├── redent@1.0.0
23 silly idealTree ├─┬ remap-istanbul@0.5.1
23 silly idealTree │ ├── istanbul@0.4.1
23 silly idealTree │ └── source-map@0.5.3
23 silly idealTree ├── repeat-string@1.5.2
23 silly idealTree ├── repeating@2.0.0
23 silly idealTree ├── replace-ext@0.0.1
23 silly idealTree ├── resolve@1.1.7
23 silly idealTree ├── right-align@0.1.3
23 silly idealTree ├── rimraf@2.2.8
23 silly idealTree ├── runforcover@0.0.2
23 silly idealTree ├── samsam@1.1.2
23 silly idealTree ├── semver@5.1.0
23 silly idealTree ├── sigmund@1.0.1
23 silly idealTree ├── signal-exit@2.1.2
23 silly idealTree ├── sinon@1.17.2
23 silly idealTree ├── slide@1.1.6
23 silly idealTree ├── source-map-support@0.4.0
23 silly idealTree ├── source-map@0.1.32
23 silly idealTree ├── sparkles@1.0.0
23 silly idealTree ├── spdx-correct@1.0.2
23 silly idealTree ├── spdx-exceptions@1.0.4
23 silly idealTree ├── spdx-expression-parse@1.0.2
23 silly idealTree ├── spdx-license-ids@1.2.0
23 silly idealTree ├── sprintf-js@1.0.3
23 silly idealTree ├── string_decoder@0.10.31
23 silly idealTree ├── strip-ansi@3.0.0
23 silly idealTree ├── strip-bom@2.0.0
23 silly idealTree ├── strip-indent@1.0.1
23 silly idealTree ├── supports-color@3.1.2
23 silly idealTree ├─┬ tap@0.7.1
23 silly idealTree │ └── glob@4.5.3
23 silly idealTree ├── temp@0.8.3
23 silly idealTree ├─┬ through2@2.0.0
23 silly idealTree │ └── readable-stream@2.0.5
23 silly idealTree ├── traverse@0.6.6
23 silly idealTree ├── trim-newlines@1.0.0
23 silly idealTree ├── tslint@3.1.1
23 silly idealTree ├── type-check@0.3.2
23 silly idealTree ├── typescript-formatter@1.2.0
23 silly idealTree ├── typescript@1.7.3
23 silly idealTree ├─┬ uglify-js@2.6.1
23 silly idealTree │ ├── async@0.2.10
23 silly idealTree │ └── source-map@0.5.3
23 silly idealTree ├── uglify-to-browserify@1.0.2
23 silly idealTree ├── underscore.string@3.1.1
23 silly idealTree ├── util-deprecate@1.0.2
23 silly idealTree ├── util@0.10.3
23 silly idealTree ├── validate-npm-package-license@3.0.1
23 silly idealTree ├── vinyl@0.5.3
23 silly idealTree ├── which@1.2.4
23 silly idealTree ├── window-size@0.1.0
23 silly idealTree ├── wordwrap@1.0.0
23 silly idealTree ├── wrappy@1.0.1
23 silly idealTree ├── xtend@4.0.1
23 silly idealTree ├── yamlish@0.0.7
23 silly idealTree └── yargs@3.10.0
24 silly generateActionsToTake Starting
25 silly install generateActionsToTake
26 silly generateActionsToTake Finishing
27 silly diffTrees action count 0
28 silly decomposeActions action count 0
29 silly executeActions Starting
30 silly install executeActions
31 silly doSerial global-install 0
32 silly doParallel fetch 0
33 verbose lock using /home/andy/.npm/_locks/staging-201ef6951585a9d8.lock for /home/andy/gs-utils/node_modules/.staging
34 silly doParallel extract 0
35 silly doParallel preinstall 0
36 silly doReverseSerial remove 0
37 silly doSerial move 0
38 silly doSerial finalize 0
39 silly doSerial build 0
40 silly doSerial global-link 0
41 silly doParallel update-linked 0
42 silly doSerial install 0
43 silly doSerial postinstall 0
44 verbose unlock done using /home/andy/.npm/_locks/staging-201ef6951585a9d8.lock for /home/andy/gs-utils/node_modules/.staging
45 silly executeActions Finishing
46 silly rollbackFailedOptional Starting
47 silly rollbackFailedOptional Finishing
48 silly runTopLevelLifecycles Starting
49 silly install runTopLevelLifecycles
50 silly preinstall gs-utils@0.0.1 /home/andy/gs-utils/gs-utils-43e3ce15
51 info lifecycle gs-utils@0.0.1~preinstall: gs-utils@0.0.1
52 silly lifecycle gs-utils@0.0.1~preinstall: no script for preinstall, continuing
53 silly build gs-utils@0.0.1
54 info linkStuff gs-utils@0.0.1
55 silly linkStuff gs-utils@0.0.1 has /home/andy as its parent node_modules
56 verbose linkBins gs-utils@0.0.1
57 verbose linkMans gs-utils@0.0.1
58 silly install gs-utils@0.0.1 /home/andy/gs-utils/gs-utils-43e3ce15
59 info lifecycle gs-utils@0.0.1~install: gs-utils@0.0.1
60 silly lifecycle gs-utils@0.0.1~install: no script for install, continuing
61 silly postinstall gs-utils@0.0.1 /home/andy/gs-utils/gs-utils-43e3ce15
62 info lifecycle gs-utils@0.0.1~postinstall: gs-utils@0.0.1
63 silly lifecycle gs-utils@0.0.1~postinstall: no script for postinstall, continuing
64 silly prepublish gs-utils@0.0.1 /home/andy/gs-utils/gs-utils-43e3ce15
65 info lifecycle gs-utils@0.0.1~prepublish: gs-utils@0.0.1
66 verbose lifecycle gs-utils@0.0.1~prepublish: unsafe-perm in lifecycle true
67 verbose lifecycle gs-utils@0.0.1~prepublish: PATH: /opt/node-js/lib/node_modules/npm/bin/node-gyp-bin:/home/andy/gs-utils/node_modules/.bin:/home/andy/bin/Sencha/Cmd/4.0.0.203:/home/andy/.local/bin:/home/andy/node_modules/.bin:/home/andy/Android/Sdk/tools:/home/andy/Android/Sdk/platform-tools:/home/andy/.opam/system/bin:/usr/local/sbin:/usr/local/bin:/usr/sbin:/usr/bin:/sbin:/bin:/usr/games:/usr/local/games
68 verbose lifecycle gs-utils@0.0.1~prepublish: CWD: /home/andy/gs-utils
69 silly lifecycle gs-utils@0.0.1~prepublish: Args: [ '-c', 'scripts/post-install.sh' ]
70 silly lifecycle gs-utils@0.0.1~prepublish: Returned: code: 3  signal: null
71 info lifecycle gs-utils@0.0.1~prepublish: Failed to exec prepublish script
72 verbose stack Error: gs-utils@0.0.1 prepublish: `scripts/post-install.sh`
72 verbose stack Exit status 3
72 verbose stack     at EventEmitter.<anonymous> (/opt/node-js/lib/node_modules/npm/lib/utils/lifecycle.js:232:16)
72 verbose stack     at emitTwo (events.js:100:13)
72 verbose stack     at EventEmitter.emit (events.js:185:7)
72 verbose stack     at ChildProcess.<anonymous> (/opt/node-js/lib/node_modules/npm/lib/utils/spawn.js:24:14)
72 verbose stack     at emitTwo (events.js:100:13)
72 verbose stack     at ChildProcess.emit (events.js:185:7)
72 verbose stack     at maybeClose (internal/child_process.js:821:16)
72 verbose stack     at Process.ChildProcess._handle.onexit (internal/child_process.js:211:5)
73 verbose pkgid gs-utils@0.0.1
74 verbose cwd /home/andy/gs-utils
75 error Linux 4.2.0-27-generic
76 error argv "/opt/node-js/bin/node" "/usr/local/bin/npm" "install"
77 error node v5.5.0
78 error npm  v3.5.3
79 error code ELIFECYCLE
80 error gs-utils@0.0.1 prepublish: `scripts/post-install.sh`
80 error Exit status 3
81 error Failed at the gs-utils@0.0.1 prepublish script 'scripts/post-install.sh'.
81 error Make sure you have the latest version of node.js and npm installed.
81 error If you do, this is most likely a problem with the gs-utils package,
81 error not with npm itself.
81 error Tell the author that this fails on your system:
81 error     scripts/post-install.sh
81 error You can get information on how to open an issue for this project with:
81 error     npm bugs gs-utils
81 error Or if that isn't available, you can get their info via:
81 error     npm owner ls gs-utils
81 error There is likely additional logging output above.
82 verbose exit [ 1, true ]
